0 info it worked if it ends with ok
1 verbose cli [ '/usr/bin/node', '/usr/bin/npm', 'run-script', 'test' ]
2 info using npm@2.14.2
3 info using node@v4.0.0
4 verbose run-script [ 'pretest', 'test', 'posttest' ]
5 info pretest node-xwhois@0.0.1
6 info test node-xwhois@0.0.1
7 verbose unsafe-perm in lifecycle true
8 info node-xwhois@0.0.1 Failed to exec test script
9 verbose stack Error: node-xwhois@0.0.1 test: `node --harmony_rest_parameters test/index.js`
9 verbose stack Exit status 1
9 verbose stack     at EventEmitter.<anonymous> (/usr/lib/node_modules/npm/lib/utils/lifecycle.js:214:16)
9 verbose stack     at emitTwo (events.js:87:13)
9 verbose stack     at EventEmitter.emit (events.js:172:7)
9 verbose stack     at ChildProcess.<anonymous> (/usr/lib/node_modules/npm/lib/utils/spawn.js:24:14)
9 verbose stack     at emitTwo (events.js:87:13)
9 verbose stack     at ChildProcess.emit (events.js:172:7)
9 verbose stack     at maybeClose (internal/child_process.js:817:16)
9 verbose stack     at Process.ChildProcess._handle.onexit (internal/child_process.js:211:5)
10 verbose pkgid node-xwhois@0.0.1
11 verbose cwd /home/rukolonist/Dropbox/Проекты/Программирование/Internet/whois
12 error Linux 4.1.6-1-ARCH
13 error argv "/usr/bin/node" "/usr/bin/npm" "run-script" "test"
14 error node v4.0.0
15 error npm  v2.14.2
16 error code ELIFECYCLE
17 error node-xwhois@0.0.1 test: `node --harmony_rest_parameters test/index.js`
17 error Exit status 1
18 error Failed at the node-xwhois@0.0.1 test script 'node --harmony_rest_parameters test/index.js'.
18 error This is most likely a problem with the node-xwhois package,
18 error not with npm itself.
18 error Tell the author that this fails on your system:
18 error     node --harmony_rest_parameters test/index.js
18 error You can get their info via:
18 error     npm owner ls node-xwhois
18 error There is likely additional logging output above.
19 verbose exit [ 1, true ]
